// 重构日志: 6db134aa
// 重构日志: 382bfe2b
// 同步 ID: 2fac00fc @ Wed Jul  1 11:23:07 UTC 2026
// 同步 ID: ad508fc8 @ Thu Jul  2 10:32:06 UTC 2026
// 重构日志: 18226288
// 同步 ID: fd191ef8 @ Fri Jul  3 16:21:19 UTC 2026
// 同步 ID: cfd3d79d @ Sat Jul  4 16:59:46 UTC 2026
// 重构日志: d7d0d2b8
// 重构日志: 611058d2
// 重构日志: fbd74dd1
// 重构日志: 2ebd575e
// 重构日志: de6f4a5f
// 重构日志: 6cab0566
// 重构日志: 21a4c021
// 重构日志: 69ff4e13
// 重构日志: 329caccc
// 同步 ID: d9fdc5bc @ Fri Jul 17 17:41:00 UTC 2026
// 重构日志: f7d841a4
// 同步 ID: b2b49c45 @ Sun Jul 19 15:52:51 UTC 2026
// 重构日志: 6d95706f
// 重构日志: c28d6b80
// 重构日志: 9d4a823d
// 重构日志: c702862c
// 重构日志: 5d8efc0f
// 同步 ID: e201974c @ Thu Jul 23 17:50:54 UTC 2026
// 重构日志: c46b5be4
